<?xml version="1.0" encoding="UTF-8"?>
<!-- Generated by org.testng.reporters.JUnitXMLReporter -->
<testsuite ignored="1" hostname="SVPKHOME" failures="4" tests="4" name="Verify Login(failed)" time="28.767" errors="0" timestamp="2022-11-13T02:22:06 IST">
  <testcase classname="com.bpp.testCases.VerifyLogin" name="verifyLogin" time="5.713">
    <failure type="java.lang.AssertionError" message="The following asserts failed:
	Login error alert message mismatch expected [These credentials do not match our records.] but found [The password field is required.]">
      <![CDATA[java.lang.AssertionError: The following asserts failed:
Login error alert message mismatch expected [These credentials do not match our records.] but found [The password field is required.]
at com.bpp.testCases.VerifyLogin.verifyLogin(VerifyLogin.java:156)
at java.base/java.util.ArrayList.forEach(ArrayList.java:1511)
... Removed 27 stack frames]]>
    </failure>
  </testcase> <!-- verifyLogin -->
  <testcase classname="com.bpp.testCases.VerifyLogin" name="verifyLogin" time="6.588">
    <failure type="java.lang.AssertionError" message="The following asserts failed:
	Login error alert message mismatch expected [These credentials do not match our records.] but found [The password field is required.]">
      <![CDATA[java.lang.AssertionError: The following asserts failed:
Login error alert message mismatch expected [These credentials do not match our records.] but found [The password field is required.]
at com.bpp.testCases.VerifyLogin.verifyLogin(VerifyLogin.java:156)
at java.base/java.util.ArrayList.forEach(ArrayList.java:1511)
... Removed 27 stack frames]]>
    </failure>
  </testcase> <!-- verifyLogin -->
  <testcase classname="com.bpp.testCases.VerifyLogin" name="verifyLogin" time="7.263">
    <failure type="java.lang.AssertionError" message="The following asserts failed:
	Login error alert message mismatch expected [These credentials do not match our records.] but found [The password field is required.]">
      <![CDATA[java.lang.AssertionError: The following asserts failed:
Login error alert message mismatch expected [These credentials do not match our records.] but found [The password field is required.]
at com.bpp.testCases.VerifyLogin.verifyLogin(VerifyLogin.java:156)
at java.base/java.util.ArrayList.forEach(ArrayList.java:1511)
... Removed 27 stack frames]]>
    </failure>
  </testcase> <!-- verifyLogin -->
  <testcase classname="com.bpp.testCases.VerifyLogin" name="verifyLogin" time="6.545">
    <failure type="java.lang.AssertionError" message="The following asserts failed:
	Login error alert message mismatch expected [These credentials do not match our records.] but found [The password field is required.]">
      <![CDATA[java.lang.AssertionError: The following asserts failed:
Login error alert message mismatch expected [These credentials do not match our records.] but found [The password field is required.]
at com.bpp.testCases.VerifyLogin.verifyLogin(VerifyLogin.java:156)
at java.base/java.util.ArrayList.forEach(ArrayList.java:1511)
... Removed 27 stack frames]]>
    </failure>
  </testcase> <!-- verifyLogin -->
  <testcase classname="com.bpp.testCases.VerifyLogin" name="login" time="0.0">
    <ignored/>
  </testcase> <!-- login -->
</testsuite> <!-- Verify Login(failed) -->
