<?xml version="1.0" encoding="UTF-8"?>
<!-- Generated by org.testng.reporters.JUnitXMLReporter -->
<testsuite ignored="1" hostname="SVPKHOME" failures="0" tests="1" name="Search and Select from Suggestion" time="18.652" errors="0" timestamp="2022-11-14T14:31:17 IST">
  <testcase classname="com.bpp.testCases.SearchProducts" name="searchAndSelectProdFromSuggesstion" time="17.509"/>
  <testcase classname="com.bpp.testCases.SearchProducts" name="verifySearchSuggestion" time="0.0">
    <ignored/>
  </testcase> <!-- verifySearchSuggestion -->
</testsuite> <!-- Search and Select from Suggestion -->
