<?xml version="1.0" encoding="UTF-8"?>
<!-- Generated by org.testng.reporters.JUnitXMLReporter -->
<testsuite ignored="1" hostname="SVPKHOME" failures="0" tests="1" name="Search and Verify Suggestion" time="3.937" errors="0" timestamp="2022-11-14T14:30:59 IST">
  <testcase classname="com.bpp.testCases.SearchProducts" name="verifySearchSuggestion" time="2.786"/>
  <testcase classname="com.bpp.testCases.SearchProducts" name="searchAndSelectProdFromSuggesstion" time="0.0">
    <ignored/>
  </testcase> <!-- searchAndSelectProdFromSuggesstion -->
</testsuite> <!-- Search and Verify Suggestion -->
