<?xml version="1.0" encoding="UTF-8"?>
<!-- Generated by org.testng.reporters.JUnitXMLReporter -->
<testsuite ignored="1" hostname="SVPKHOME" failures="0" tests="1" name="Search Suggestion" time="3.182" errors="0" timestamp="2022-11-14T02:56:30 IST">
  <testcase classname="com.bpp.testCases.SearchProducts" name="verifySearchSuggestion" time="1.813"/>
  <testcase classname="com.bpp.testCases.SearchProducts" name="searchAndSelectProdFromSuggesstion" time="0.0">
    <ignored/>
  </testcase> <!-- searchAndSelectProdFromSuggesstion -->
</testsuite> <!-- Search Suggestion -->
