<?xml version="1.0" encoding="UTF-8"?>
<!-- Generated by org.testng.reporters.JUnitXMLReporter -->
<testsuite ignored="1" hostname="SVPKHOME" failures="0" tests="4" name="Verify Login" time="16.513" errors="0" timestamp="2022-11-14T14:30:24 IST">
  <testcase classname="com.bpp.testCases.VerifyLogin" name="verifyLogin" time="6.134"/>
  <testcase classname="com.bpp.testCases.VerifyLogin" name="verifyLogin" time="1.527"/>
  <testcase classname="com.bpp.testCases.VerifyLogin" name="verifyLogin" time="2.748"/>
  <testcase classname="com.bpp.testCases.VerifyLogin" name="verifyLogin" time="2.762"/>
  <testcase classname="com.bpp.testCases.VerifyLogin" name="login" time="0.0">
    <ignored/>
  </testcase> <!-- login -->
</testsuite> <!-- Verify Login -->
