<?xml version="1.0" encoding="UTF-8"?>
<!-- Generated by org.testng.reporters.JUnitXMLReporter -->
<testsuite ignored="1" hostname="SVPKHOME" failures="0" tests="4" name="Verify Login(failed)(failed)" time="24.515" errors="0" timestamp="2022-11-13T02:23:25 IST">
  <testcase classname="com.bpp.testCases.VerifyLogin" name="verifyLogin" time="3.202"/>
  <testcase classname="com.bpp.testCases.VerifyLogin" name="verifyLogin" time="5.749"/>
  <testcase classname="com.bpp.testCases.VerifyLogin" name="verifyLogin" time="6.976"/>
  <testcase classname="com.bpp.testCases.VerifyLogin" name="verifyLogin" time="6.616"/>
  <testcase classname="com.bpp.testCases.VerifyLogin" name="login" time="0.0">
    <ignored/>
  </testcase> <!-- login -->
</testsuite> <!-- Verify Login(failed)(failed) -->
