<?xml version="1.0" encoding="UTF-8"?>
<!-- Generated by org.testng.reporters.JUnitXMLReporter -->
<testsuite ignored="1" hostname="SVPKHOME" failures="0" tests="1" name="Search and Verify Suggestion" time="2.192" errors="0" timestamp="2022-12-30T03:42:46 IST">
  <testcase classname="com.bpp.testCases.SearchProducts" name="verifySearchSuggestion" time="1.5"/>
  <testcase classname="com.bpp.testCases.SearchProducts" name="searchAndSelectProdFromSuggesstion" time="0.0">
    <ignored/>
  </testcase> <!-- searchAndSelectProdFromSuggesstion -->
</testsuite> <!-- Search and Verify Suggestion -->
